17:30:26 **** Incremental Build of configuration Debug for project CAL_PROJECT ****
make all 
Building file: ../APP/main.c
Invoking: AVR Compiler
avr-gcc -Wall -g2 -gstabs -O0 -fpack-struct -fshort-enums -ffunction-sections -fdata-sections -std=gnu99 -funsigned-char -funsigned-bitfields -mmcu=atmega32 -DF_CPU=16000000UL -MMD -MP -MF"APP/main.d" -MT"APP/main.o" -c -o "APP/main.o" "../APP/main.c"
In file included from ../APP/main.c:15:
c:/winavr-20100110/lib/gcc/../../avr/include/util/delay.h:90:3: warning: #warning "Compiler optimizations disabled; functions from <util/delay.h> won't work as designed"
../APP/main.c: In function 'CAL':
../APP/main.c:130: warning: pointer targets in passing argument 1 of 'LCD_voidDisplayString' differ in signedness
Finished building: ../APP/main.c
 
Building target: CAL_PROJECT.elf
Invoking: AVR C Linker
avr-gcc -Wl,-Map,CAL_PROJECT.map -mmcu=atmega32 -o "CAL_PROJECT.elf"  ./MCAL/DIO/DIO_program.o  ./HAL/LCD/LCD_program.o  ./HAL/KEYPAD/KEYPAD_program.o  ./APP/main.o   
Finished building target: CAL_PROJECT.elf
 
Invoking: AVR Create Extended Listing
avr-objdump -h -S CAL_PROJECT.elf  >"CAL_PROJECT.lss"
Finished building: CAL_PROJECT.lss
 
Create Flash image (ihex format)
avr-objcopy -R .eeprom -R .fuse -R .lock -R .signature -O ihex CAL_PROJECT.elf  "CAL_PROJECT.hex"
Finished building: CAL_PROJECT.hex
 
Invoking: Print Size
avr-size --format=avr --mcu=atmega32 CAL_PROJECT.elf
AVR Memory Usage
----------------
Device: atmega32

Program:   11938 bytes (36.4% Full)
(.text + .data + .bootloader)

Data:        284 bytes (13.9% Full)
(.data + .bss + .noinit)


Finished building: sizedummy
 
