00:55:20 **** Incremental Build of configuration Debug for project PASS_PROJECT ****
make all 
Building file: ../MCAL/DIO/DIO_program.c
Invoking: AVR Compiler
avr-gcc -Wall -g2 -gstabs -O0 -fpack-struct -fshort-enums -ffunction-sections -fdata-sections -std=gnu99 -funsigned-char -funsigned-bitfields -mmcu=atmega32 -DF_CPU=16000000UL -MMD -MP -MF"MCAL/DIO/DIO_program.d" -MT"MCAL/DIO/DIO_program.o" -c -o "MCAL/DIO/DIO_program.o" "../MCAL/DIO/DIO_program.c"
../MCAL/DIO/DIO_program.c: In function 'DIO_u8GetPinValue':
../MCAL/DIO/DIO_program.c:148: warning: control reaches end of non-void function
Finished building: ../MCAL/DIO/DIO_program.c
 
Building file: ../APP/main.c
Invoking: AVR Compiler
avr-gcc -Wall -g2 -gstabs -O0 -fpack-struct -fshort-enums -ffunction-sections -fdata-sections -std=gnu99 -funsigned-char -funsigned-bitfields -mmcu=atmega32 -DF_CPU=16000000UL -MMD -MP -MF"APP/main.d" -MT"APP/main.o" -c -o "APP/main.o" "../APP/main.c"
In file included from ../APP/main.c:15:
c:/winavr-20100110/lib/gcc/../../avr/include/util/delay.h:90:3: warning: #warning "Compiler optimizations disabled; functions from <util/delay.h> won't work as designed"
../APP/main.c: In function 'main':
../APP/main.c:21: warning: unused variable 'entered_psw'
Finished building: ../APP/main.c
 
Building target: PASS_PROJECT.elf
Invoking: AVR C Linker
avr-gcc -Wl,-Map,PASS_PROJECT.map -mmcu=atmega32 -o "PASS_PROJECT.elf"  ./MCAL/DIO/DIO_program.o  ./HAL/LCD/LCD_program.o  ./HAL/KEYPAD/KEYPAD_program.o  ./APP/main.o   
Finished building target: PASS_PROJECT.elf
 
Invoking: AVR Create Extended Listing
avr-objdump -h -S PASS_PROJECT.elf  >"PASS_PROJECT.lss"
Finished building: PASS_PROJECT.lss
 
Create Flash image (ihex format)
avr-objcopy -R .eeprom -R .fuse -R .lock -R .signature -O ihex PASS_PROJECT.elf  "PASS_PROJECT.hex"
Finished building: PASS_PROJECT.hex
 
Invoking: Print Size
avr-size --format=avr --mcu=atmega32 PASS_PROJECT.elf
AVR Memory Usage
----------------
Device: atmega32

Program:   11982 bytes (36.6% Full)
(.text + .data + .bootloader)

Data:         98 bytes (4.8% Full)
(.data + .bss + .noinit)


Finished building: sizedummy
 

00:55:20 Build Finished. 0 errors, 3 warnings. (took 557ms)

